<?xml version="1.0" encoding="UTF-8"?>
<testsuite name="org.apache.commons.math3.util.FastMathStrictComparisonTest" time="0.031" tests="53" errors="0" skipped="0" failures="0">
  <properties>
    <property name="java.runtime.name" value="OpenJDK Runtime Environment"/>
    <property name="java.vm.version" value="11.0.2+9"/>
    <property name="sun.boot.library.path" value="/java/jdk-11.0.2/lib"/>
    <property name="maven.multiModuleProjectDirectory" value="/code/concordia/SOEN-345-Lab/repo/math/1f"/>
    <property name="java.vm.vendor" value="Oracle Corporation"/>
    <property name="java.vendor.url" value="http://java.oracle.com/"/>
    <property name="guice.disable.misplaced.annotation.check" value="true"/>
    <property name="path.separator" value=":"/>
    <property name="java.vm.name" value="OpenJDK 64-Bit Server VM"/>
    <property name="sun.os.patch.level" value="unknown"/>
    <property name="sun.java.launcher" value="SUN_STANDARD"/>
    <property name="java.vm.specification.name" value="Java Virtual Machine Specification"/>
    <property name="user.dir" value="/code/concordia/SOEN-345-Lab/repo/math/1f"/>
    <property name="java.vm.compressedOopsMode" value="Zero based"/>
    <property name="java.runtime.version" value="11.0.2+9"/>
    <property name="java.awt.graphicsenv" value="sun.awt.X11GraphicsEnvironment"/>
    <property name="os.arch" value="amd64"/>
    <property name="java.io.tmpdir" value="/tmp"/>
    <property name="line.separator" value="&#10;"/>
    <property name="java.vm.specification.vendor" value="Oracle Corporation"/>
    <property name="os.name" value="Linux"/>
    <property name="classworlds.conf" value="/usr/share/maven/bin/m2.conf"/>
    <property name="sun.jnu.encoding" value="UTF-8"/>
    <property name="java.library.path" value="/usr/java/packages/lib:/usr/lib64:/lib64:/lib:/usr/lib"/>
    <property name="maven.conf" value="/usr/share/maven/conf"/>
    <property name="jdk.debug" value="release"/>
    <property name="java.class.version" value="55.0"/>
    <property name="java.specification.name" value="Java Platform API Specification"/>
    <property name="sun.management.compiler" value="HotSpot 64-Bit Tiered Compilers"/>
    <property name="os.version" value="5.15.150.1-microsoft-standard-WSL2"/>
    <property name="library.jansi.path" value="/usr/share/maven/lib/jansi-native"/>
    <property name="user.home" value="/root"/>
    <property name="user.timezone" value="America/Toronto"/>
    <property name="java.awt.printerjob" value="sun.print.PSPrinterJob"/>
    <property name="file.encoding" value="UTF-8"/>
    <property name="java.specification.version" value="11"/>
    <property name="user.name" value="root"/>
    <property name="java.class.path" value="/usr/share/maven/boot/plexus-classworlds-2.x.jar"/>
    <property name="java.vm.specification.version" value="11"/>
    <property name="sun.arch.data.model" value="64"/>
    <property name="sun.java.command" value="org.codehaus.plexus.classworlds.launcher.Launcher clean test org.pitest:pitest-maven:mutationCoverage"/>
    <property name="java.home" value="/java/jdk-11.0.2"/>
    <property name="user.language" value="en"/>
    <property name="java.specification.vendor" value="Oracle Corporation"/>
    <property name="awt.toolkit" value="sun.awt.X11.XToolkit"/>
    <property name="java.vm.info" value="mixed mode"/>
    <property name="java.version" value="11.0.2"/>
    <property name="java.vendor" value="Oracle Corporation"/>
    <property name="maven.home" value="/usr/share/maven"/>
    <property name="file.separator" value="/"/>
    <property name="java.version.date" value="2019-01-15"/>
    <property name="java.vendor.url.bug" value="http://bugreport.java.com/bugreport/"/>
    <property name="sun.io.unicode.encoding" value="UnicodeLittle"/>
    <property name="sun.cpu.endian" value="little"/>
    <property name="java.vendor.version" value="18.9"/>
    <property name="sun.cpu.isalist" value=""/>
  </properties>
  <testcase name="test1[0]" classname="org.apache.commons.math3.util.FastMathStrictComparisonTest" time="0"/>
  <testcase name="test1[1]" classname="org.apache.commons.math3.util.FastMathStrictComparisonTest" time="0.001"/>
  <testcase name="test1[2]" classname="org.apache.commons.math3.util.FastMathStrictComparisonTest" time="0"/>
  <testcase name="test1[3]" classname="org.apache.commons.math3.util.FastMathStrictComparisonTest" time="0"/>
  <testcase name="test1[4]" classname="org.apache.commons.math3.util.FastMathStrictComparisonTest" time="0"/>
  <testcase name="test1[5]" classname="org.apache.commons.math3.util.FastMathStrictComparisonTest" time="0"/>
  <testcase name="test1[6]" classname="org.apache.commons.math3.util.FastMathStrictComparisonTest" time="0.001"/>
  <testcase name="test1[7]" classname="org.apache.commons.math3.util.FastMathStrictComparisonTest" time="0.002"/>
  <testcase name="test1[8]" classname="org.apache.commons.math3.util.FastMathStrictComparisonTest" time="0"/>
  <testcase name="test1[9]" classname="org.apache.commons.math3.util.FastMathStrictComparisonTest" time="0.001"/>
  <testcase name="test1[10]" classname="org.apache.commons.math3.util.FastMathStrictComparisonTest" time="0"/>
  <testcase name="test1[11]" classname="org.apache.commons.math3.util.FastMathStrictComparisonTest" time="0.003"/>
  <testcase name="test1[12]" classname="org.apache.commons.math3.util.FastMathStrictComparisonTest" time="0.001"/>
  <testcase name="test1[13]" classname="org.apache.commons.math3.util.FastMathStrictComparisonTest" time="0.001"/>
  <testcase name="test1[14]" classname="org.apache.commons.math3.util.FastMathStrictComparisonTest" time="0.001"/>
  <testcase name="test1[15]" classname="org.apache.commons.math3.util.FastMathStrictComparisonTest" time="0.002"/>
  <testcase name="test1[16]" classname="org.apache.commons.math3.util.FastMathStrictComparisonTest" time="0.001"/>
  <testcase name="test1[17]" classname="org.apache.commons.math3.util.FastMathStrictComparisonTest" time="0.001"/>
  <testcase name="test1[18]" classname="org.apache.commons.math3.util.FastMathStrictComparisonTest" time="0.001"/>
  <testcase name="test1[19]" classname="org.apache.commons.math3.util.FastMathStrictComparisonTest" time="0.001"/>
  <testcase name="test1[20]" classname="org.apache.commons.math3.util.FastMathStrictComparisonTest" time="0.001"/>
  <testcase name="test1[21]" classname="org.apache.commons.math3.util.FastMathStrictComparisonTest" time="0.001"/>
  <testcase name="test1[22]" classname="org.apache.commons.math3.util.FastMathStrictComparisonTest" time="0.001"/>
  <testcase name="test1[23]" classname="org.apache.commons.math3.util.FastMathStrictComparisonTest" time="0.001"/>
  <testcase name="test1[24]" classname="org.apache.commons.math3.util.FastMathStrictComparisonTest" time="0.001"/>
  <testcase name="test1[25]" classname="org.apache.commons.math3.util.FastMathStrictComparisonTest" time="0"/>
  <testcase name="test1[26]" classname="org.apache.commons.math3.util.FastMathStrictComparisonTest" time="0"/>
  <testcase name="test1[27]" classname="org.apache.commons.math3.util.FastMathStrictComparisonTest" time="0"/>
  <testcase name="test1[28]" classname="org.apache.commons.math3.util.FastMathStrictComparisonTest" time="0"/>
  <testcase name="test1[29]" classname="org.apache.commons.math3.util.FastMathStrictComparisonTest" time="0.001"/>
  <testcase name="test1[30]" classname="org.apache.commons.math3.util.FastMathStrictComparisonTest" time="0"/>
  <testcase name="test1[31]" classname="org.apache.commons.math3.util.FastMathStrictComparisonTest" time="0"/>
  <testcase name="test1[32]" classname="org.apache.commons.math3.util.FastMathStrictComparisonTest" time="0"/>
  <testcase name="test1[33]" classname="org.apache.commons.math3.util.FastMathStrictComparisonTest" time="0"/>
  <testcase name="test1[34]" classname="org.apache.commons.math3.util.FastMathStrictComparisonTest" time="0"/>
  <testcase name="test1[35]" classname="org.apache.commons.math3.util.FastMathStrictComparisonTest" time="0.001"/>
  <testcase name="test1[36]" classname="org.apache.commons.math3.util.FastMathStrictComparisonTest" time="0.001"/>
  <testcase name="test1[37]" classname="org.apache.commons.math3.util.FastMathStrictComparisonTest" time="0"/>
  <testcase name="test1[38]" classname="org.apache.commons.math3.util.FastMathStrictComparisonTest" time="0"/>
  <testcase name="test1[39]" classname="org.apache.commons.math3.util.FastMathStrictComparisonTest" time="0"/>
  <testcase name="test1[40]" classname="org.apache.commons.math3.util.FastMathStrictComparisonTest" time="0"/>
  <testcase name="test1[41]" classname="org.apache.commons.math3.util.FastMathStrictComparisonTest" time="0"/>
  <testcase name="test1[42]" classname="org.apache.commons.math3.util.FastMathStrictComparisonTest" time="0"/>
  <testcase name="test1[43]" classname="org.apache.commons.math3.util.FastMathStrictComparisonTest" time="0.001"/>
  <testcase name="test1[44]" classname="org.apache.commons.math3.util.FastMathStrictComparisonTest" time="0"/>
  <testcase name="test1[45]" classname="org.apache.commons.math3.util.FastMathStrictComparisonTest" time="0"/>
  <testcase name="test1[46]" classname="org.apache.commons.math3.util.FastMathStrictComparisonTest" time="0.002"/>
  <testcase name="test1[47]" classname="org.apache.commons.math3.util.FastMathStrictComparisonTest" time="0"/>
  <testcase name="test1[48]" classname="org.apache.commons.math3.util.FastMathStrictComparisonTest" time="0"/>
  <testcase name="test1[49]" classname="org.apache.commons.math3.util.FastMathStrictComparisonTest" time="0.001"/>
  <testcase name="test1[50]" classname="org.apache.commons.math3.util.FastMathStrictComparisonTest" time="0.001"/>
  <testcase name="test1[51]" classname="org.apache.commons.math3.util.FastMathStrictComparisonTest" time="0"/>
  <testcase name="test1[52]" classname="org.apache.commons.math3.util.FastMathStrictComparisonTest" time="0.001"/>
</testsuite>