<?xml version="1.0" encoding="UTF-8"?>
<testsuite name="org.apache.commons.math3.util.Decimal64Test" time="0.023" tests="63" errors="0" skipped="0" failures="0">
  <properties>
    <property name="java.runtime.name" value="OpenJDK Runtime Environment"/>
    <property name="java.vm.version" value="11.0.2+9"/>
    <property name="sun.boot.library.path" value="/java/jdk-11.0.2/lib"/>
    <property name="maven.multiModuleProjectDirectory" value="/code/concordia/SOEN-345-Lab/repo/math/1f"/>
    <property name="java.vm.vendor" value="Oracle Corporation"/>
    <property name="java.vendor.url" value="http://java.oracle.com/"/>
    <property name="guice.disable.misplaced.annotation.check" value="true"/>
    <property name="path.separator" value=":"/>
    <property name="java.vm.name" value="OpenJDK 64-Bit Server VM"/>
    <property name="sun.os.patch.level" value="unknown"/>
    <property name="sun.java.launcher" value="SUN_STANDARD"/>
    <property name="java.vm.specification.name" value="Java Virtual Machine Specification"/>
    <property name="user.dir" value="/code/concordia/SOEN-345-Lab/repo/math/1f"/>
    <property name="java.vm.compressedOopsMode" value="Zero based"/>
    <property name="java.runtime.version" value="11.0.2+9"/>
    <property name="java.awt.graphicsenv" value="sun.awt.X11GraphicsEnvironment"/>
    <property name="os.arch" value="amd64"/>
    <property name="java.io.tmpdir" value="/tmp"/>
    <property name="line.separator" value="&#10;"/>
    <property name="java.vm.specification.vendor" value="Oracle Corporation"/>
    <property name="os.name" value="Linux"/>
    <property name="classworlds.conf" value="/usr/share/maven/bin/m2.conf"/>
    <property name="sun.jnu.encoding" value="UTF-8"/>
    <property name="java.library.path" value="/usr/java/packages/lib:/usr/lib64:/lib64:/lib:/usr/lib"/>
    <property name="maven.conf" value="/usr/share/maven/conf"/>
    <property name="jdk.debug" value="release"/>
    <property name="java.class.version" value="55.0"/>
    <property name="java.specification.name" value="Java Platform API Specification"/>
    <property name="sun.management.compiler" value="HotSpot 64-Bit Tiered Compilers"/>
    <property name="os.version" value="5.15.150.1-microsoft-standard-WSL2"/>
    <property name="library.jansi.path" value="/usr/share/maven/lib/jansi-native"/>
    <property name="user.home" value="/root"/>
    <property name="user.timezone" value="America/Toronto"/>
    <property name="java.awt.printerjob" value="sun.print.PSPrinterJob"/>
    <property name="file.encoding" value="UTF-8"/>
    <property name="java.specification.version" value="11"/>
    <property name="user.name" value="root"/>
    <property name="java.class.path" value="/usr/share/maven/boot/plexus-classworlds-2.x.jar"/>
    <property name="java.vm.specification.version" value="11"/>
    <property name="sun.arch.data.model" value="64"/>
    <property name="sun.java.command" value="org.codehaus.plexus.classworlds.launcher.Launcher clean test org.pitest:pitest-maven:mutationCoverage"/>
    <property name="java.home" value="/java/jdk-11.0.2"/>
    <property name="user.language" value="en"/>
    <property name="java.specification.vendor" value="Oracle Corporation"/>
    <property name="awt.toolkit" value="sun.awt.X11.XToolkit"/>
    <property name="java.vm.info" value="mixed mode"/>
    <property name="java.version" value="11.0.2"/>
    <property name="java.vendor" value="Oracle Corporation"/>
    <property name="maven.home" value="/usr/share/maven"/>
    <property name="file.separator" value="/"/>
    <property name="java.version.date" value="2019-01-15"/>
    <property name="java.vendor.url.bug" value="http://bugreport.java.com/bugreport/"/>
    <property name="sun.io.unicode.encoding" value="UnicodeLittle"/>
    <property name="sun.cpu.endian" value="little"/>
    <property name="java.vendor.version" value="18.9"/>
    <property name="sun.cpu.isalist" value=""/>
  </properties>
  <testcase name="testAdd" classname="org.apache.commons.math3.util.Decimal64Test" time="0"/>
  <testcase name="testSubtract" classname="org.apache.commons.math3.util.Decimal64Test" time="0"/>
  <testcase name="testIsInfinite" classname="org.apache.commons.math3.util.Decimal64Test" time="0"/>
  <testcase name="testIsNaN" classname="org.apache.commons.math3.util.Decimal64Test" time="0.001"/>
  <testcase name="testReciprocal" classname="org.apache.commons.math3.util.Decimal64Test" time="0"/>
  <testcase name="testDivide" classname="org.apache.commons.math3.util.Decimal64Test" time="0"/>
  <testcase name="testMultiply" classname="org.apache.commons.math3.util.Decimal64Test" time="0"/>
  <testcase name="testNegate" classname="org.apache.commons.math3.util.Decimal64Test" time="0"/>
  <testcase name="testDivideField" classname="org.apache.commons.math3.util.Decimal64Test" time="0.002"/>
  <testcase name="testRemainderDouble" classname="org.apache.commons.math3.util.Decimal64Test" time="0.001"/>
  <testcase name="testGetField" classname="org.apache.commons.math3.util.Decimal64Test" time="0.001"/>
  <testcase name="testDivideDouble" classname="org.apache.commons.math3.util.Decimal64Test" time="0.001"/>
  <testcase name="testAbs" classname="org.apache.commons.math3.util.Decimal64Test" time="0"/>
  <testcase name="testCos" classname="org.apache.commons.math3.util.Decimal64Test" time="0"/>
  <testcase name="testExp" classname="org.apache.commons.math3.util.Decimal64Test" time="0"/>
  <testcase name="testLog" classname="org.apache.commons.math3.util.Decimal64Test" time="0"/>
  <testcase name="testSin" classname="org.apache.commons.math3.util.Decimal64Test" time="0"/>
  <testcase name="testTan" classname="org.apache.commons.math3.util.Decimal64Test" time="0"/>
  <testcase name="testAcosh" classname="org.apache.commons.math3.util.Decimal64Test" time="0"/>
  <testcase name="testAsinh" classname="org.apache.commons.math3.util.Decimal64Test" time="0"/>
  <testcase name="testAtan2" classname="org.apache.commons.math3.util.Decimal64Test" time="0.002"/>
  <testcase name="testAtanh" classname="org.apache.commons.math3.util.Decimal64Test" time="0"/>
  <testcase name="testExpm1" classname="org.apache.commons.math3.util.Decimal64Test" time="0"/>
  <testcase name="testFloor" classname="org.apache.commons.math3.util.Decimal64Test" time="0"/>
  <testcase name="testHypot" classname="org.apache.commons.math3.util.Decimal64Test" time="0.001"/>
  <testcase name="testLog1p" classname="org.apache.commons.math3.util.Decimal64Test" time="0"/>
  <testcase name="testRootN" classname="org.apache.commons.math3.util.Decimal64Test" time="0.001"/>
  <testcase name="testRound" classname="org.apache.commons.math3.util.Decimal64Test" time="0"/>
  <testcase name="testScalb" classname="org.apache.commons.math3.util.Decimal64Test" time="0.002"/>
  <testcase name="testAcos" classname="org.apache.commons.math3.util.Decimal64Test" time="0"/>
  <testcase name="testAsin" classname="org.apache.commons.math3.util.Decimal64Test" time="0.001"/>
  <testcase name="testAtan" classname="org.apache.commons.math3.util.Decimal64Test" time="0"/>
  <testcase name="testCbrt" classname="org.apache.commons.math3.util.Decimal64Test" time="0"/>
  <testcase name="testCeil" classname="org.apache.commons.math3.util.Decimal64Test" time="0"/>
  <testcase name="testCosh" classname="org.apache.commons.math3.util.Decimal64Test" time="0"/>
  <testcase name="testHash" classname="org.apache.commons.math3.util.Decimal64Test" time="0"/>
  <testcase name="testRint" classname="org.apache.commons.math3.util.Decimal64Test" time="0.001"/>
  <testcase name="testSinh" classname="org.apache.commons.math3.util.Decimal64Test" time="0"/>
  <testcase name="testSqrt" classname="org.apache.commons.math3.util.Decimal64Test" time="0"/>
  <testcase name="testTanh" classname="org.apache.commons.math3.util.Decimal64Test" time="0"/>
  <testcase name="testAddField" classname="org.apache.commons.math3.util.Decimal64Test" time="0.001"/>
  <testcase name="testMultiplyDouble" classname="org.apache.commons.math3.util.Decimal64Test" time="0"/>
  <testcase name="testMultiplyInt" classname="org.apache.commons.math3.util.Decimal64Test" time="0.001"/>
  <testcase name="testLinearCombinationDaFa" classname="org.apache.commons.math3.util.Decimal64Test" time="0"/>
  <testcase name="testLinearCombinationFaFa" classname="org.apache.commons.math3.util.Decimal64Test" time="0.001"/>
  <testcase name="testAddDouble" classname="org.apache.commons.math3.util.Decimal64Test" time="0"/>
  <testcase name="testPowDouble" classname="org.apache.commons.math3.util.Decimal64Test" time="0.001"/>
  <testcase name="testSubtractDouble" classname="org.apache.commons.math3.util.Decimal64Test" time="0"/>
  <testcase name="testRemainderField" classname="org.apache.commons.math3.util.Decimal64Test" time="0.001"/>
  <testcase name="testCopySignDouble" classname="org.apache.commons.math3.util.Decimal64Test" time="0.001"/>
  <testcase name="testLinearCombinationDF2" classname="org.apache.commons.math3.util.Decimal64Test" time="0"/>
  <testcase name="testLinearCombinationDF3" classname="org.apache.commons.math3.util.Decimal64Test" time="0"/>
  <testcase name="testLinearCombinationDF4" classname="org.apache.commons.math3.util.Decimal64Test" time="0.001"/>
  <testcase name="testLinearCombinationFF2" classname="org.apache.commons.math3.util.Decimal64Test" time="0"/>
  <testcase name="testLinearCombinationFF3" classname="org.apache.commons.math3.util.Decimal64Test" time="0"/>
  <testcase name="testLinearCombinationFF4" classname="org.apache.commons.math3.util.Decimal64Test" time="0"/>
  <testcase name="testEquals" classname="org.apache.commons.math3.util.Decimal64Test" time="0"/>
  <testcase name="testCopySignField" classname="org.apache.commons.math3.util.Decimal64Test" time="0"/>
  <testcase name="testPowField" classname="org.apache.commons.math3.util.Decimal64Test" time="0.001"/>
  <testcase name="testPowInt" classname="org.apache.commons.math3.util.Decimal64Test" time="0"/>
  <testcase name="testSignum" classname="org.apache.commons.math3.util.Decimal64Test" time="0"/>
  <testcase name="testMultiplyField" classname="org.apache.commons.math3.util.Decimal64Test" time="0.001"/>
  <testcase name="testSubtractField" classname="org.apache.commons.math3.util.Decimal64Test" time="0"/>
</testsuite>