<?xml version="1.0" encoding="UTF-8"?>
<testsuite name="org.apache.commons.math3.linear.EigenDecompositionTest" time="0.083" tests="28" errors="0" skipped="2" failures="0">
  <properties>
    <property name="java.runtime.name" value="OpenJDK Runtime Environment"/>
    <property name="java.vm.version" value="11.0.2+9"/>
    <property name="sun.boot.library.path" value="/java/jdk-11.0.2/lib"/>
    <property name="maven.multiModuleProjectDirectory" value="/code/concordia/SOEN-345-Lab/repo/math/1f"/>
    <property name="java.vm.vendor" value="Oracle Corporation"/>
    <property name="java.vendor.url" value="http://java.oracle.com/"/>
    <property name="guice.disable.misplaced.annotation.check" value="true"/>
    <property name="path.separator" value=":"/>
    <property name="java.vm.name" value="OpenJDK 64-Bit Server VM"/>
    <property name="sun.os.patch.level" value="unknown"/>
    <property name="sun.java.launcher" value="SUN_STANDARD"/>
    <property name="java.vm.specification.name" value="Java Virtual Machine Specification"/>
    <property name="user.dir" value="/code/concordia/SOEN-345-Lab/repo/math/1f"/>
    <property name="java.vm.compressedOopsMode" value="Zero based"/>
    <property name="java.runtime.version" value="11.0.2+9"/>
    <property name="java.awt.graphicsenv" value="sun.awt.X11GraphicsEnvironment"/>
    <property name="os.arch" value="amd64"/>
    <property name="java.io.tmpdir" value="/tmp"/>
    <property name="line.separator" value="&#10;"/>
    <property name="java.vm.specification.vendor" value="Oracle Corporation"/>
    <property name="os.name" value="Linux"/>
    <property name="classworlds.conf" value="/usr/share/maven/bin/m2.conf"/>
    <property name="sun.jnu.encoding" value="UTF-8"/>
    <property name="java.library.path" value="/usr/java/packages/lib:/usr/lib64:/lib64:/lib:/usr/lib"/>
    <property name="maven.conf" value="/usr/share/maven/conf"/>
    <property name="jdk.debug" value="release"/>
    <property name="java.class.version" value="55.0"/>
    <property name="java.specification.name" value="Java Platform API Specification"/>
    <property name="sun.management.compiler" value="HotSpot 64-Bit Tiered Compilers"/>
    <property name="os.version" value="5.15.150.1-microsoft-standard-WSL2"/>
    <property name="library.jansi.path" value="/usr/share/maven/lib/jansi-native"/>
    <property name="user.home" value="/root"/>
    <property name="user.timezone" value="America/Toronto"/>
    <property name="java.awt.printerjob" value="sun.print.PSPrinterJob"/>
    <property name="file.encoding" value="UTF-8"/>
    <property name="java.specification.version" value="11"/>
    <property name="user.name" value="root"/>
    <property name="java.class.path" value="/usr/share/maven/boot/plexus-classworlds-2.x.jar"/>
    <property name="java.vm.specification.version" value="11"/>
    <property name="sun.arch.data.model" value="64"/>
    <property name="sun.java.command" value="org.codehaus.plexus.classworlds.launcher.Launcher clean test org.pitest:pitest-maven:mutationCoverage"/>
    <property name="java.home" value="/java/jdk-11.0.2"/>
    <property name="user.language" value="en"/>
    <property name="java.specification.vendor" value="Oracle Corporation"/>
    <property name="awt.toolkit" value="sun.awt.X11.XToolkit"/>
    <property name="java.vm.info" value="mixed mode"/>
    <property name="java.version" value="11.0.2"/>
    <property name="java.vendor" value="Oracle Corporation"/>
    <property name="maven.home" value="/usr/share/maven"/>
    <property name="file.separator" value="/"/>
    <property name="java.version.date" value="2019-01-15"/>
    <property name="java.vendor.url.bug" value="http://bugreport.java.com/bugreport/"/>
    <property name="sun.io.unicode.encoding" value="UnicodeLittle"/>
    <property name="sun.cpu.endian" value="little"/>
    <property name="java.vendor.version" value="18.9"/>
    <property name="sun.cpu.isalist" value=""/>
  </properties>
  <testcase name="testNormalDistributionUnsymmetricMatrix" classname="org.apache.commons.math3.linear.EigenDecompositionTest" time="0">
    <skipped/>
  </testcase>
  <testcase name="testSquareRootNonSymmetric" classname="org.apache.commons.math3.linear.EigenDecompositionTest" time="0.001"/>
  <testcase name="testDimension4WithoutSplit" classname="org.apache.commons.math3.linear.EigenDecompositionTest" time="0"/>
  <testcase name="testUnsymmetric" classname="org.apache.commons.math3.linear.EigenDecompositionTest" time="0.001"/>
  <testcase name="testEigenvectors" classname="org.apache.commons.math3.linear.EigenDecompositionTest" time="0.001"/>
  <testcase name="testTridiagonal" classname="org.apache.commons.math3.linear.EigenDecompositionTest" time="0.002"/>
  <testcase name="testDimension1" classname="org.apache.commons.math3.linear.EigenDecompositionTest" time="0"/>
  <testcase name="testDimension2" classname="org.apache.commons.math3.linear.EigenDecompositionTest" time="0"/>
  <testcase name="testDimension3" classname="org.apache.commons.math3.linear.EigenDecompositionTest" time="0"/>
  <testcase name="testDimensions" classname="org.apache.commons.math3.linear.EigenDecompositionTest" time="0"/>
  <testcase name="testSquareRootNonPositiveDefinite" classname="org.apache.commons.math3.linear.EigenDecompositionTest" time="0"/>
  <testcase name="testEigenvalues" classname="org.apache.commons.math3.linear.EigenDecompositionTest" time="0"/>
  <testcase name="testRepeatedEigenvalue" classname="org.apache.commons.math3.linear.EigenDecompositionTest" time="0"/>
  <testcase name="testAEqualVDVt" classname="org.apache.commons.math3.linear.EigenDecompositionTest" time="0.001"/>
  <testcase name="testMath308" classname="org.apache.commons.math3.linear.EigenDecompositionTest" time="0"/>
  <testcase name="testMath848" classname="org.apache.commons.math3.linear.EigenDecompositionTest" time="0.001"/>
  <testcase name="testDiagonal" classname="org.apache.commons.math3.linear.EigenDecompositionTest" time="0.001"/>
  <testcase name="testSymmetric" classname="org.apache.commons.math3.linear.EigenDecompositionTest" time="0"/>
  <testcase name="testDistinctEigenvalues" classname="org.apache.commons.math3.linear.EigenDecompositionTest" time="0"/>
  <testcase name="testVOrthogonal" classname="org.apache.commons.math3.linear.EigenDecompositionTest" time="0"/>
  <testcase name="testSquareRoot" classname="org.apache.commons.math3.linear.EigenDecompositionTest" time="0"/>
  <testcase name="testDimension3MultipleRoot" classname="org.apache.commons.math3.linear.EigenDecompositionTest" time="0"/>
  <testcase name="testMathpbx02" classname="org.apache.commons.math3.linear.EigenDecompositionTest" time="0.001"/>
  <testcase name="testMathpbx03" classname="org.apache.commons.math3.linear.EigenDecompositionTest" time="0"/>
  <testcase name="testBigMatrix" classname="org.apache.commons.math3.linear.EigenDecompositionTest" time="0.074"/>
  <testcase name="testDimension4WithSplit" classname="org.apache.commons.math3.linear.EigenDecompositionTest" time="0"/>
  <testcase name="testZeroDivide" classname="org.apache.commons.math3.linear.EigenDecompositionTest" time="0"/>
  <testcase name="testRandomUnsymmetricMatrix" classname="org.apache.commons.math3.linear.EigenDecompositionTest" time="0">
    <skipped/>
  </testcase>
</testsuite>