<?xml version="1.0" encoding="UTF-8" ?>
<testsuite tests="34" failures="0" name="org.apache.commons.codec.language.MetaphoneTest" time="0.023" errors="0" skipped="0">
  <properties>
    <property name="java.vendor" value="Oracle Corporation"/>
    <property name="localRepository" value="/root/.m2/repository"/>
    <property name="env.NVM_BIN" value="/root/.nvm/versions/node/v18.19.0/bin"/>
    <property name="sun.java.launcher" value="SUN_STANDARD"/>
    <property name="sun.management.compiler" value="HotSpot 64-Bit Tiered Compilers"/>
    <property name="env.NVM_INC" value="/root/.nvm/versions/node/v18.19.0/include/node"/>
    <property name="env.P9K_TTY" value="old"/>
    <property name="os.name" value="Linux"/>
    <property name="env.PWD" value="/code/concordia/SOEN-345-Lab/repo/codec/1f"/>
    <property name="env.LANG" value="C.UTF-8"/>
    <property name="java.vm.specification.vendor" value="Oracle Corporation"/>
    <property name="java.runtime.version" value="11.0.2+9"/>
    <property name="env._P9K_TTY" value="/dev/pts/5"/>
    <property name="env.NVM_CD_FLAGS" value="-q"/>
    <property name="env.DISPLAY" value=":0"/>
    <property name="env.PYENV_SHELL" value="zsh"/>
    <property name="user.name" value="root"/>
    <property name="env._" value="/usr/bin/mvn"/>
    <property name="maven.build.version" value="Apache Maven 3.6.3"/>
    <property name="env.USER" value="root"/>
    <property name="env.SHELL" value="/usr/bin/zsh"/>
    <property name="env.ZPFX" value="/root/.local/share/zinit/polaris"/>
    <property name="env.VSCODE_NONCE" value="ed2a8a69-788f-4cc8-96d6-2cb981288f28"/>
    <property name="env.PATH" value="/root/.pyenv/plugins/pyenv-virtualenv/shims:/root/.pyenv/shims:/root/.pyenv/bin:/root/.local/bin:/root/.vscode-server/bin/cd4ee3b1c348a13bafd8f9ad8060705f6d4b9cba/bin/remote-cli:/root/.sdkman/candidates/java/11.0.2-oracle/bin:/root/.pyenv/plugins/pyenv-virtualenv/shims:/root/.pyenv/bin:/root/.nvm/versions/node/v18.19.0/bin:/root/.local/bin:/root/.local/share/zinit/polaris/bin:/usr/local/sbin:/usr/local/bin:/usr/sbin:/usr/bin:/sbin:/bin:/usr/games:/usr/local/games:/usr/lib/wsl/lib:/mnt/c/Program Files/National Instruments/Shared/OpenVINO/:/mnt/c/Program Files/Java/jdk-17/bin:/mnt/c/Program Files/Common Files/Oracle/Java/javapath:/mnt/c/Program Files (x86)/Common Files/Oracle/Java/javapath:/mnt/c/Program Files/Eclipse Adoptium/jdk-17.0.5.8-hotspot/bin:/mnt/c/Program Files/Eclipse Adoptium/jdk-8.0.345.1-hotspot/bin:/mnt/c/Program Files/Eclipse Adoptium/jre-8.0.345.1-hotspot/bin:/mnt/c/Windows/system32:/mnt/c/Windows:/mnt/c/Windows/System32/Wbem:/mnt/c/Windows/System32/WindowsPowerShell/v1.0/:/mnt/c/Windows/System32/OpenSSH/:/mnt/c/Program Files (x86)/NVIDIA Corporation/PhysX/Common:/mnt/c/Program Files/NVIDIA Corporation/NVIDIA NvDLISR:/mnt/c/Program Files/PuTTY/:/mnt/c/Program Files/Microsoft VS Code/bin:/mnt/c/Program Files/Git/cmd:/mnt/c/Program Files/nodejs/:/mnt/c/WINDOWS/system32:/mnt/c/WINDOWS:/mnt/c/WINDOWS/System32/Wbem:/mnt/c/WINDOWS/System32/WindowsPowerShell/v1.0/:/mnt/c/WINDOWS/System32/OpenSSH/:/mnt/c/Strawberry/c/bin:/mnt/c/Strawberry/perl/site/bin:/mnt/c/Strawberry/perl/bin:/mnt/c/Program Files (x86)/Windows Kits/10/Windows Performance Toolkit/:/mnt/c/Program Files/Graphviz/bin:/mnt/c/Program Files/doxygen/bin:/mnt/c/Users/natha/AppData/Local/Programs/Python/Python312/Scripts/:/mnt/c/Users/natha/AppData/Local/Programs/Python/Python312/:/mnt/c/Users/natha/AppData/Local/Programs/Python/Python311/Scripts/:/mnt/c/Users/natha/AppData/Local/Programs/Python/Python311/:/mnt/c/Users/natha/AppData/Local/Microsoft/WindowsApps:/mnt/c/Users/natha/AppData/Roaming/npm:/mnt/c/Users/natha/AppData/Local/Programs/Microsoft VS Code/bin:/mnt/c/Users/natha/AppData/Local/Programs/MiKTeX/miktex/bin/x64/:/mnt/c/Program Files/swipl/bin:/mnt/c/Users/natha/flutter/bin:/mnt/c/Users/natha/AppData/Local/Pub/Cache/bin:/usr/local/texlive/2024/bin/x86_64-linux:/usr/local/go/bin:/root/.fzf/bin:/opt/defects4j/framework/bin:/root/.vscode-server/data/User/globalStorage/github.copilot-chat/debugCommand:/usr/local/texlive/2024/bin/x86_64-linux:/usr/local/go/bin:/opt/defects4j/framework/bin"/>
    <property name="user.language" value="en"/>
    <property name="sun.boot.library.path" value="/java/jdk-11.0.2/lib"/>
    <property name="classworlds.conf" value="/usr/share/maven/bin/m2.conf"/>
    <property name="env.VSCODE_GIT_ASKPASS_MAIN" value="/root/.vscode-server/bin/cd4ee3b1c348a13bafd8f9ad8060705f6d4b9cba/extensions/git/dist/askpass-main.js"/>
    <property name="env.HOSTTYPE" value="x86_64"/>
    <property name="java.vm.compressedOopsMode" value="32-bit"/>
    <property name="java.version" value="11.0.2"/>
    <property name="user.timezone" value=""/>
    <property name="env.ZDOTDIR" value="/root"/>
    <property name="env.WSL2_GUI_APPS_ENABLED" value="1"/>
    <property name="env.DBUS_SESSION_BUS_ADDRESS" value="unix:path=/run/user/0/bus"/>
    <property name="sun.arch.data.model" value="64"/>
    <property name="env.PULSE_SERVER" value="unix:/mnt/wslg/PulseServer"/>
    <property name="env.VSCODE_INJECTION" value="1"/>
    <property name="env.NAME" value="AsusSwiftX14"/>
    <property name="env.P9K_SSH" value="0"/>
    <property name="sun.cpu.isalist" value=""/>
    <property name="sun.jnu.encoding" value="UTF-8"/>
    <property name="env.SHLVL" value="1"/>
    <property name="maven.conf" value="/usr/share/maven/conf"/>
    <property name="file.separator" value="/"/>
    <property name="java.specification.name" value="Java Platform API Specification"/>
    <property name="env.USER_ZDOTDIR" value="/root"/>
    <property name="java.class.version" value="55.0"/>
    <property name="env.VSCODE_GIT_ASKPASS_EXTRA_ARGS" value=""/>
    <property name="java.home" value="/java/jdk-11.0.2"/>
    <property name="java.vm.info" value="mixed mode"/>
    <property name="os.version" value="5.15.150.1-microsoft-standard-WSL2"/>
    <property name="env.LOGNAME" value="root"/>
    <property name="env.TERM_PROGRAM_VERSION" value="1.96.4"/>
    <property name="env.WSLENV" value="VSCODE_WSL_EXT_LOCATION/up:VSCODE_SERVER_TAR/up"/>
    <property name="env.WSL_INTEROP" value="/run/WSL/60910_interop"/>
    <property name="path.separator" value=":"/>
    <property name="java.vm.version" value="11.0.2+9"/>
    <property name="env.PYENV_VIRTUALENV_INIT" value="1"/>
    <property name="env.VSCODE_GIT_IPC_HANDLE" value="/run/user/0/vscode-git-b41baf7797.sock"/>
    <property name="env.VSCODE_IPC_HOOK_CLI" value="/run/user/0/vscode-ipc-5be6bcc0-7798-4b01-a991-78ad799b3316.sock"/>
    <property name="env.JAVA_HOME" value="/root/.sdkman/candidates/java/11.0.2-oracle"/>
    <property name="env.FZF_DEFAULT_OPTS" value="--height=~10% --bind left:preview-up,right:preview-down"/>
    <property name="java.awt.printerjob" value="sun.print.PSPrinterJob"/>
    <property name="env.TERM" value="xterm-256color"/>
    <property name="sun.io.unicode.encoding" value="UnicodeLittle"/>
    <property name="awt.toolkit" value="sun.awt.X11.XToolkit"/>
    <property name="env.SDKMAN_PLATFORM" value="linuxx64"/>
    <property name="env.SDKMAN_DIR" value="/root/.sdkman"/>
    <property name="user.home" value="/root"/>
    <property name="java.version.date" value="2019-01-15"/>
    <property name="env.OLDPWD" value="/code/concordia/SOEN-345-Lab/repo/codec/1f"/>
    <property name="java.specification.vendor" value="Oracle Corporation"/>
    <property name="env.TERM_PROGRAM" value="vscode"/>
    <property name="library.jansi.path" value="/usr/share/maven/lib/jansi-native"/>
    <property name="java.library.path" value="/usr/java/packages/lib:/usr/lib64:/lib64:/lib:/usr/lib"/>
    <property name="java.vendor.url" value="http://java.oracle.com/"/>
    <property name="env.MAVEN_CMD_LINE_ARGS" value=" clean test org.pitest:pitest-maven:mutationCoverage"/>
    <property name="java.vm.vendor" value="Oracle Corporation"/>
    <property name="java.runtime.name" value="OpenJDK Runtime Environment"/>
    <property name="maven.home" value="/usr/share/maven"/>
    <property name="sun.java.command" value="org.codehaus.plexus.classworlds.launcher.Launcher clean test org.pitest:pitest-maven:mutationCoverage"/>
    <property name="java.class.path" value="/usr/share/maven/boot/plexus-classworlds-2.x.jar"/>
    <property name="maven.version" value="3.6.3"/>
    <property name="jdk.debug" value="release"/>
    <property name="env.GIT_ASKPASS" value="/root/.vscode-server/bin/cd4ee3b1c348a13bafd8f9ad8060705f6d4b9cba/extensions/git/dist/askpass.sh"/>
    <property name="env.VSCODE_GIT_ASKPASS_NODE" value="/root/.vscode-server/bin/cd4ee3b1c348a13bafd8f9ad8060705f6d4b9cba/node"/>
    <property name="java.vm.specification.name" value="Java Virtual Machine Specification"/>
    <property name="java.vm.specification.version" value="11"/>
    <property name="sun.cpu.endian" value="little"/>
    <property name="sun.os.patch.level" value="unknown"/>
    <property name="env.HOME" value="/root"/>
    <property name="env._P9K_SSH_TTY" value="/dev/pts/5"/>
    <property name="surefire.test.class.path" value="/code/concordia/SOEN-345-Lab/repo/codec/1f/target/test-classes:/code/concordia/SOEN-345-Lab/repo/codec/1f/target/classes:/root/.m2/repository/junit/junit/4.13.2/junit-4.13.2.jar:/root/.m2/repository/org/hamcrest/hamcrest-core/1.3/hamcrest-core-1.3.jar:"/>
    <property name="java.io.tmpdir" value="/tmp"/>
    <property name="maven.multiModuleProjectDirectory" value="/code/concordia/SOEN-345-Lab/repo/codec/1f"/>
    <property name="java.vendor.url.bug" value="http://bugreport.java.com/bugreport/"/>
    <property name="env.SDKMAN_CANDIDATES_DIR" value="/root/.sdkman/candidates"/>
    <property name="env.SDKMAN_CANDIDATES_API" value="https://api.sdkman.io/2"/>
    <property name="os.arch" value="amd64"/>
    <property name="java.awt.graphicsenv" value="sun.awt.X11GraphicsEnvironment"/>
    <property name="env.XDG_RUNTIME_DIR" value="/run/user/0/"/>
    <property name="user.dir" value="/code/concordia/SOEN-345-Lab/repo/codec/1f"/>
    <property name="line.separator" value="
"/>
    <property name="java.vm.name" value="OpenJDK 64-Bit Server VM"/>
    <property name="env.ZSH_CACHE_DIR" value="/root/.cache/zinit"/>
    <property name="env.COLORTERM" value="truecolor"/>
    <property name="env.PMSPEC" value="0uUpiPsf"/>
    <property name="basedir" value="/code/concordia/SOEN-345-Lab/repo/codec/1f"/>
    <property name="file.encoding" value="UTF-8"/>
    <property name="env.NVM_DIR" value="/root/.nvm"/>
    <property name="env.WAYLAND_DISPLAY" value="wayland-0"/>
    <property name="java.specification.version" value="11"/>
    <property name="java.vendor.version" value="18.9"/>
    <property name="env.WSL_DISTRO_NAME" value="Ubuntu"/>
    <property name="env.MAVEN_PROJECTBASEDIR" value="/code/concordia/SOEN-345-Lab/repo/codec/1f"/>
  </properties>
  <testcase classname="org.apache.commons.codec.language.MetaphoneTest" name="testTranslateOfSCHAndCH" time="0"/>
  <testcase classname="org.apache.commons.codec.language.MetaphoneTest" name="testTranslateToJOfDGEOrDGIOrDGY" time="0"/>
  <testcase classname="org.apache.commons.codec.language.MetaphoneTest" name="testTCH" time="0.001"/>
  <testcase classname="org.apache.commons.codec.language.MetaphoneTest" name="testWhy" time="0"/>
  <testcase classname="org.apache.commons.codec.language.MetaphoneTest" name="testIsMetaphoneEqual1" time="0"/>
  <testcase classname="org.apache.commons.codec.language.MetaphoneTest" name="testIsMetaphoneEqual2" time="0"/>
  <testcase classname="org.apache.commons.codec.language.MetaphoneTest" name="testPHTOF" time="0"/>
  <testcase classname="org.apache.commons.codec.language.MetaphoneTest" name="testDiscardOfSilentGN" time="0.001"/>
  <testcase classname="org.apache.commons.codec.language.MetaphoneTest" name="testIsMetaphoneEqualParis" time="0"/>
  <testcase classname="org.apache.commons.codec.language.MetaphoneTest" name="testIsMetaphoneEqualPeter" time="0.001"/>
  <testcase classname="org.apache.commons.codec.language.MetaphoneTest" name="testIsMetaphoneEqualSusan" time="0.001"/>
  <testcase classname="org.apache.commons.codec.language.MetaphoneTest" name="testIsMetaphoneEqualWhite" time="0.001"/>
  <testcase classname="org.apache.commons.codec.language.MetaphoneTest" name="testIsMetaphoneEqualXalan" time="0"/>
  <testcase classname="org.apache.commons.codec.language.MetaphoneTest" name="testIsMetaphoneEqualAlbert" time="0.001"/>
  <testcase classname="org.apache.commons.codec.language.MetaphoneTest" name="testIsMetaphoneEqualKnight" time="0.001"/>
  <testcase classname="org.apache.commons.codec.language.MetaphoneTest" name="testMetaphone" time="0"/>
  <testcase classname="org.apache.commons.codec.language.MetaphoneTest" name="testIsMetaphoneEqualWright" time="0"/>
  <testcase classname="org.apache.commons.codec.language.MetaphoneTest" name="testSHAndSIOAndSIAToX" time="0"/>
  <testcase classname="org.apache.commons.codec.language.MetaphoneTest" name="testSetMaxLengthWithTruncation" time="0.001"/>
  <testcase classname="org.apache.commons.codec.language.MetaphoneTest" name="testTIOAndTIAToX" time="0"/>
  <testcase classname="org.apache.commons.codec.language.MetaphoneTest" name="testExceedLength" time="0"/>
  <testcase classname="org.apache.commons.codec.language.MetaphoneTest" name="testWordEndingInMB" time="0"/>
  <testcase classname="org.apache.commons.codec.language.MetaphoneTest" name="testIsMetaphoneEqualAero" time="0"/>
  <testcase classname="org.apache.commons.codec.language.MetaphoneTest" name="testIsMetaphoneEqualGary" time="0.009"/>
  <testcase classname="org.apache.commons.codec.language.MetaphoneTest" name="testIsMetaphoneEqualJohn" time="0.002"/>
  <testcase classname="org.apache.commons.codec.language.MetaphoneTest" name="testIsMetaphoneEqualMary" time="0"/>
  <testcase classname="org.apache.commons.codec.language.MetaphoneTest" name="testDiscardOfSilentHAfterG" time="0"/>
  <testcase classname="org.apache.commons.codec.language.MetaphoneTest" name="testWordsWithCIA" time="0"/>
  <testcase classname="org.apache.commons.codec.language.MetaphoneTest" name="testDiscardOfSCEOrSCIOrSCY" time="0"/>
  <testcase classname="org.apache.commons.codec.language.MetaphoneTest" name="testIsMetaphoneEqualRay" time="0"/>
  <testcase classname="org.apache.commons.codec.language.MetaphoneTest" name="testEncodeWithInvalidObject" time="0.001"/>
  <testcase classname="org.apache.commons.codec.language.MetaphoneTest" name="testEncodeNull" time="0"/>
  <testcase classname="org.apache.commons.codec.language.MetaphoneTest" name="testEncodeEmpty" time="0"/>
  <testcase classname="org.apache.commons.codec.language.MetaphoneTest" name="testLocaleIndependence" time="0"/>
</testsuite>